{"level":"info","message":"✅ Todas las dependencias han sido configuradas exitosamente.","timestamp":"2025-08-06 13:00:11"}
{"level":"info","message":"🚀 Verificación de dependencias exitosa. El contenedor está listo.","timestamp":"2025-08-06 13:00:11"}
{"level":"info","message":"✅ Servidor corriendo en el puerto 3001","timestamp":"2025-08-06 13:00:13"}
{"level":"info","message":"UserController: Inicio del proceso de creacion de usuario","timestamp":"2025-08-06 13:07:01"}
{"email":"reyescesar0711@gmail.com","lastname":"Reyes Moreno","level":"info","message":"UserController: Datos enviados por el usuario","name":"Cesar","password":"Hola1234%1234","phone":"04242746760","timestamp":"2025-08-06 13:07:01","username":"Careyes.19"}
{"level":"info","message":"UserController: Llamando al servicio UserService.createUser.","timestamp":"2025-08-06 13:07:01"}
{"email":"reyescesar0711@gmail.com","lastname":"Reyes Moreno","level":"debug","message":"--Data para la creacion de usuario: ","name":"Cesar","password":"Hola1234%1234","phone":"04242746760","timestamp":"2025-08-06 13:07:01","username":"Careyes.19"}
{"level":"info","message":"----Iniciando creacion de usuario en el service: UserService----","timestamp":"2025-08-06 13:07:01"}
{"level":"error","message":"Ha ocurrido un error en el service createUser: UserService:  this.userValidator.validateUserUniqueness is not a function","stack":"TypeError: this.userValidator.validateUserUniqueness is not a function\n    at Proxy.<anonymous> (C:\\Users\\PC\\Documents\\gestor-tareas-backend\\src\\services\\user\\User.service.ts:30:38)\n    at step (C:\\Users\\PC\\Documents\\gestor-tareas-backend\\src\\services\\user\\User.service.ts:45:23)\n    at Object.next (C:\\Users\\PC\\Documents\\gestor-tareas-backend\\src\\services\\user\\User.service.ts:26:53)\n    at C:\\Users\\PC\\Documents\\gestor-tareas-backend\\src\\services\\user\\User.service.ts:20:71\n    at new Promise (<anonymous>)\n    at __awaiter (C:\\Users\\PC\\Documents\\gestor-tareas-backend\\src\\services\\user\\User.service.ts:16:12)\n    at Proxy.UserService.createUser (C:\\Users\\PC\\Documents\\gestor-tareas-backend\\src\\services\\user\\User.service.ts:65:16)\n    at Proxy.<anonymous> (C:\\Users\\PC\\Documents\\gestor-tareas-backend\\src\\core\\utils\\transactional-wrapper.ts:41:43)\n    at step (C:\\Users\\PC\\Documents\\gestor-tareas-backend\\src\\core\\utils\\transactional-wrapper.ts:34:23)\n    at Object.next (C:\\Users\\PC\\Documents\\gestor-tareas-backend\\src\\core\\utils\\transactional-wrapper.ts:15:53)","timestamp":"2025-08-06 13:07:01"}
{"error":{"code":500,"httpStatusCode":500,"name":"UnexpectedError","originalError":{}},"level":"error","message":"DataUserController: Error durante la creacion del usuario","timestamp":"2025-08-06 13:07:01"}
{"level":"error","message":"GLOBAL ERROR HANDLER: Error capturado: Ha ocurrido un error inesperado: this.userValidator.validateUserUniqueness is not a function. Intente nuevamente.","name":"UnexpectedError","stack":"UnexpectedError: Ha ocurrido un error inesperado: this.userValidator.validateUserUniqueness is not a function. Intente nuevamente.\n    at UnexpectedError.AppError [as constructor] (C:\\Users\\PC\\Documents\\gestor-tareas-backend\\src\\core\\types\\errors.ts:10:14)\n    at new UnexpectedError (C:\\Users\\PC\\Documents\\gestor-tareas-backend\\src\\core\\types\\errors.ts:43:14)\n    at handleError (C:\\Users\\PC\\Documents\\gestor-tareas-backend\\src\\core\\utils\\handleErrors.ts:18:16)\n    at Proxy.<anonymous> (C:\\Users\\PC\\Documents\\gestor-tareas-backend\\src\\services\\user\\User.service.ts:44:30)\n    at step (C:\\Users\\PC\\Documents\\gestor-tareas-backend\\src\\services\\user\\User.service.ts:45:23)\n    at Object.next (C:\\Users\\PC\\Documents\\gestor-tareas-backend\\src\\services\\user\\User.service.ts:26:53)\n    at C:\\Users\\PC\\Documents\\gestor-tareas-backend\\src\\services\\user\\User.service.ts:20:71\n    at new Promise (<anonymous>)\n    at __awaiter (C:\\Users\\PC\\Documents\\gestor-tareas-backend\\src\\services\\user\\User.service.ts:16:12)\n    at Proxy.UserService.createUser (C:\\Users\\PC\\Documents\\gestor-tareas-backend\\src\\services\\user\\User.service.ts:65:16)","timestamp":"2025-08-06 13:07:01"}
{"level":"info","message":"✅ Todas las dependencias han sido configuradas exitosamente.","timestamp":"2025-08-06 13:10:56"}
{"level":"info","message":"🚀 Verificación de dependencias exitosa. El contenedor está listo.","timestamp":"2025-08-06 13:10:56"}
{"level":"info","message":"✅ Servidor corriendo en el puerto 3001","timestamp":"2025-08-06 13:10:58"}
{"level":"info","message":"--- MIDDLEWARE: Ejecutando validateCreateUserData ---","timestamp":"2025-08-06 13:11:03"}
{"body":{"email":"reyescesar0711@gmail.com","lastname":"Reyes Moreno","name":"Cesar","password":"Hola1234%1234","phone":"04242746760","username":"Careyes.19"},"level":"debug","message":"Request Body Recibido:","timestamp":"2025-08-06 13:11:03"}
{"level":"info","message":"Validación de Zod para la creacion de usuario SUPERADA. Pasando al controlador.","timestamp":"2025-08-06 13:11:03"}
{"level":"info","message":"UserController: Inicio del proceso de creacion de usuario","timestamp":"2025-08-06 13:11:03"}
{"email":"reyescesar0711@gmail.com","lastname":"Reyes Moreno","level":"info","message":"UserController: Datos enviados por el usuario","name":"Cesar","password":"Hola1234%1234","phone":"04242746760","timestamp":"2025-08-06 13:11:03","username":"Careyes.19"}
{"level":"info","message":"UserController: Llamando al servicio UserService.createUser.","timestamp":"2025-08-06 13:11:03"}
{"email":"reyescesar0711@gmail.com","lastname":"Reyes Moreno","level":"debug","message":"--Data para la creacion de usuario: ","name":"Cesar","password":"Hola1234%1234","phone":"04242746760","timestamp":"2025-08-06 13:11:03","username":"Careyes.19"}
{"level":"info","message":"----Iniciando creacion de usuario en el service: UserService----","timestamp":"2025-08-06 13:11:03"}
{"level":"error","message":"Ha ocurrido un error en el service createUser: UserService:  this.userValidator.validateUserUniqueness is not a function","stack":"TypeError: this.userValidator.validateUserUniqueness is not a function\n    at Proxy.<anonymous> (C:\\Users\\PC\\Documents\\gestor-tareas-backend\\src\\services\\user\\User.service.ts:30:38)\n    at step (C:\\Users\\PC\\Documents\\gestor-tareas-backend\\src\\services\\user\\User.service.ts:45:23)\n    at Object.next (C:\\Users\\PC\\Documents\\gestor-tareas-backend\\src\\services\\user\\User.service.ts:26:53)\n    at C:\\Users\\PC\\Documents\\gestor-tareas-backend\\src\\services\\user\\User.service.ts:20:71\n    at new Promise (<anonymous>)\n    at __awaiter (C:\\Users\\PC\\Documents\\gestor-tareas-backend\\src\\services\\user\\User.service.ts:16:12)\n    at Proxy.UserService.createUser (C:\\Users\\PC\\Documents\\gestor-tareas-backend\\src\\services\\user\\User.service.ts:65:16)\n    at Proxy.<anonymous> (C:\\Users\\PC\\Documents\\gestor-tareas-backend\\src\\core\\utils\\transactional-wrapper.ts:41:43)\n    at step (C:\\Users\\PC\\Documents\\gestor-tareas-backend\\src\\core\\utils\\transactional-wrapper.ts:34:23)\n    at Object.next (C:\\Users\\PC\\Documents\\gestor-tareas-backend\\src\\core\\utils\\transactional-wrapper.ts:15:53)","timestamp":"2025-08-06 13:11:03"}
{"error":{"code":500,"httpStatusCode":500,"name":"UnexpectedError","originalError":{}},"level":"error","message":"DataUserController: Error durante la creacion del usuario","timestamp":"2025-08-06 13:11:03"}
{"level":"error","message":"GLOBAL ERROR HANDLER: Error capturado: Ha ocurrido un error inesperado: this.userValidator.validateUserUniqueness is not a function. Intente nuevamente.","name":"UnexpectedError","stack":"UnexpectedError: Ha ocurrido un error inesperado: this.userValidator.validateUserUniqueness is not a function. Intente nuevamente.\n    at UnexpectedError.AppError [as constructor] (C:\\Users\\PC\\Documents\\gestor-tareas-backend\\src\\core\\types\\errors.ts:10:14)\n    at new UnexpectedError (C:\\Users\\PC\\Documents\\gestor-tareas-backend\\src\\core\\types\\errors.ts:43:14)\n    at handleError (C:\\Users\\PC\\Documents\\gestor-tareas-backend\\src\\core\\utils\\handleErrors.ts:18:16)\n    at Proxy.<anonymous> (C:\\Users\\PC\\Documents\\gestor-tareas-backend\\src\\services\\user\\User.service.ts:44:30)\n    at step (C:\\Users\\PC\\Documents\\gestor-tareas-backend\\src\\services\\user\\User.service.ts:45:23)\n    at Object.next (C:\\Users\\PC\\Documents\\gestor-tareas-backend\\src\\services\\user\\User.service.ts:26:53)\n    at C:\\Users\\PC\\Documents\\gestor-tareas-backend\\src\\services\\user\\User.service.ts:20:71\n    at new Promise (<anonymous>)\n    at __awaiter (C:\\Users\\PC\\Documents\\gestor-tareas-backend\\src\\services\\user\\User.service.ts:16:12)\n    at Proxy.UserService.createUser (C:\\Users\\PC\\Documents\\gestor-tareas-backend\\src\\services\\user\\User.service.ts:65:16)","timestamp":"2025-08-06 13:11:03"}
{"level":"info","message":"✅ Todas las dependencias han sido configuradas exitosamente.","timestamp":"2025-08-06 13:13:12"}
{"level":"info","message":"🚀 Verificación de dependencias exitosa. El contenedor está listo.","timestamp":"2025-08-06 13:13:12"}
{"level":"info","message":"✅ Servidor corriendo en el puerto 3001","timestamp":"2025-08-06 13:13:13"}
{"level":"info","message":"--- MIDDLEWARE: Ejecutando validateCreateUserData ---","timestamp":"2025-08-06 13:13:15"}
{"body":{"email":"reyescesar0711@gmail.com","lastname":"Reyes Moreno","name":"Cesar","password":"Hola1234%1234","phone":"04242746760","username":"Careyes.19"},"level":"debug","message":"Request Body Recibido:","timestamp":"2025-08-06 13:13:15"}
{"level":"info","message":"Validación de Zod para la creacion de usuario SUPERADA. Pasando al controlador.","timestamp":"2025-08-06 13:13:15"}
{"level":"info","message":"UserController: Inicio del proceso de creacion de usuario","timestamp":"2025-08-06 13:13:15"}
{"email":"reyescesar0711@gmail.com","lastname":"Reyes Moreno","level":"info","message":"UserController: Datos enviados por el usuario","name":"Cesar","password":"Hola1234%1234","phone":"04242746760","timestamp":"2025-08-06 13:13:15","username":"Careyes.19"}
{"level":"info","message":"UserController: Llamando al servicio UserService.createUser.","timestamp":"2025-08-06 13:13:15"}
{"email":"reyescesar0711@gmail.com","lastname":"Reyes Moreno","level":"debug","message":"--Data para la creacion de usuario: ","name":"Cesar","password":"Hola1234%1234","phone":"04242746760","timestamp":"2025-08-06 13:13:15","username":"Careyes.19"}
{"level":"info","message":"----Iniciando creacion de usuario en el service: UserService----","timestamp":"2025-08-06 13:13:15"}
{"level":"error","message":"Ha ocurrido un error en el service createUser: UserService:  this.userValidator.validateUserUniqueness is not a function","stack":"TypeError: this.userValidator.validateUserUniqueness is not a function\n    at Proxy.<anonymous> (C:\\Users\\PC\\Documents\\gestor-tareas-backend\\src\\services\\user\\User.service.ts:30:38)\n    at step (C:\\Users\\PC\\Documents\\gestor-tareas-backend\\src\\services\\user\\User.service.ts:45:23)\n    at Object.next (C:\\Users\\PC\\Documents\\gestor-tareas-backend\\src\\services\\user\\User.service.ts:26:53)\n    at C:\\Users\\PC\\Documents\\gestor-tareas-backend\\src\\services\\user\\User.service.ts:20:71\n    at new Promise (<anonymous>)\n    at __awaiter (C:\\Users\\PC\\Documents\\gestor-tareas-backend\\src\\services\\user\\User.service.ts:16:12)\n    at Proxy.UserService.createUser (C:\\Users\\PC\\Documents\\gestor-tareas-backend\\src\\services\\user\\User.service.ts:65:16)\n    at Proxy.<anonymous> (C:\\Users\\PC\\Documents\\gestor-tareas-backend\\src\\core\\utils\\transactional-wrapper.ts:41:43)\n    at step (C:\\Users\\PC\\Documents\\gestor-tareas-backend\\src\\core\\utils\\transactional-wrapper.ts:34:23)\n    at Object.next (C:\\Users\\PC\\Documents\\gestor-tareas-backend\\src\\core\\utils\\transactional-wrapper.ts:15:53)","timestamp":"2025-08-06 13:13:15"}
{"error":{"code":500,"httpStatusCode":500,"name":"UnexpectedError","originalError":{}},"level":"error","message":"DataUserController: Error durante la creacion del usuario","timestamp":"2025-08-06 13:13:15"}
{"level":"error","message":"GLOBAL ERROR HANDLER: Error capturado: Ha ocurrido un error inesperado: this.userValidator.validateUserUniqueness is not a function. Intente nuevamente.","name":"UnexpectedError","stack":"UnexpectedError: Ha ocurrido un error inesperado: this.userValidator.validateUserUniqueness is not a function. Intente nuevamente.\n    at UnexpectedError.AppError [as constructor] (C:\\Users\\PC\\Documents\\gestor-tareas-backend\\src\\core\\types\\errors.ts:10:14)\n    at new UnexpectedError (C:\\Users\\PC\\Documents\\gestor-tareas-backend\\src\\core\\types\\errors.ts:43:14)\n    at handleError (C:\\Users\\PC\\Documents\\gestor-tareas-backend\\src\\core\\utils\\handleErrors.ts:18:16)\n    at Proxy.<anonymous> (C:\\Users\\PC\\Documents\\gestor-tareas-backend\\src\\services\\user\\User.service.ts:44:30)\n    at step (C:\\Users\\PC\\Documents\\gestor-tareas-backend\\src\\services\\user\\User.service.ts:45:23)\n    at Object.next (C:\\Users\\PC\\Documents\\gestor-tareas-backend\\src\\services\\user\\User.service.ts:26:53)\n    at C:\\Users\\PC\\Documents\\gestor-tareas-backend\\src\\services\\user\\User.service.ts:20:71\n    at new Promise (<anonymous>)\n    at __awaiter (C:\\Users\\PC\\Documents\\gestor-tareas-backend\\src\\services\\user\\User.service.ts:16:12)\n    at Proxy.UserService.createUser (C:\\Users\\PC\\Documents\\gestor-tareas-backend\\src\\services\\user\\User.service.ts:65:16)","timestamp":"2025-08-06 13:13:15"}
{"level":"info","message":"✅ Todas las dependencias han sido configuradas exitosamente.","timestamp":"2025-08-06 13:18:42"}
{"level":"info","message":"🚀 Verificación de dependencias exitosa. El contenedor está listo.","timestamp":"2025-08-06 13:18:42"}
{"level":"info","message":"✅ Servidor corriendo en el puerto 3001","timestamp":"2025-08-06 13:18:44"}
{"level":"info","message":"--- MIDDLEWARE: Ejecutando validateCreateUserData ---","timestamp":"2025-08-06 13:18:51"}
{"body":{"email":"reyescesar0711@gmail.com","lastname":"Reyes Moreno","name":"Cesar","password":"Hola1234%1234","phone":"04242746760","username":"Careyes.19"},"level":"debug","message":"Request Body Recibido:","timestamp":"2025-08-06 13:18:51"}
{"level":"info","message":"Validación de Zod para la creacion de usuario SUPERADA. Pasando al controlador.","timestamp":"2025-08-06 13:18:51"}
{"level":"info","message":"UserController: Inicio del proceso de creacion de usuario","timestamp":"2025-08-06 13:18:51"}
{"email":"reyescesar0711@gmail.com","lastname":"Reyes Moreno","level":"info","message":"UserController: Datos enviados por el usuario","name":"Cesar","password":"Hola1234%1234","phone":"04242746760","timestamp":"2025-08-06 13:18:51","username":"Careyes.19"}
{"level":"info","message":"UserController: Llamando al servicio UserService.createUser.","timestamp":"2025-08-06 13:18:51"}
{"email":"reyescesar0711@gmail.com","lastname":"Reyes Moreno","level":"debug","message":"--Data para la creacion de usuario: ","name":"Cesar","password":"Hola1234%1234","phone":"04242746760","timestamp":"2025-08-06 13:18:51","username":"Careyes.19"}
{"level":"info","message":"----Iniciando creacion de usuario en el service: UserService----","timestamp":"2025-08-06 13:18:51"}
{"level":"error","message":"Ha ocurrido un error en el service createUser: UserService:  this.userValidator.validateUserUniqueness is not a function","stack":"TypeError: this.userValidator.validateUserUniqueness is not a function\n    at Proxy.<anonymous> (C:\\Users\\PC\\Documents\\gestor-tareas-backend\\src\\services\\user\\User.service.ts:30:38)\n    at step (C:\\Users\\PC\\Documents\\gestor-tareas-backend\\src\\services\\user\\User.service.ts:45:23)\n    at Object.next (C:\\Users\\PC\\Documents\\gestor-tareas-backend\\src\\services\\user\\User.service.ts:26:53)\n    at C:\\Users\\PC\\Documents\\gestor-tareas-backend\\src\\services\\user\\User.service.ts:20:71\n    at new Promise (<anonymous>)\n    at __awaiter (C:\\Users\\PC\\Documents\\gestor-tareas-backend\\src\\services\\user\\User.service.ts:16:12)\n    at Proxy.UserService.createUser (C:\\Users\\PC\\Documents\\gestor-tareas-backend\\src\\services\\user\\User.service.ts:65:16)\n    at Proxy.<anonymous> (C:\\Users\\PC\\Documents\\gestor-tareas-backend\\src\\core\\utils\\transactional-wrapper.ts:41:43)\n    at step (C:\\Users\\PC\\Documents\\gestor-tareas-backend\\src\\core\\utils\\transactional-wrapper.ts:34:23)\n    at Object.next (C:\\Users\\PC\\Documents\\gestor-tareas-backend\\src\\core\\utils\\transactional-wrapper.ts:15:53)","timestamp":"2025-08-06 13:18:51"}
{"error":{"code":500,"httpStatusCode":500,"name":"UnexpectedError","originalError":{}},"level":"error","message":"DataUserController: Error durante la creacion del usuario","timestamp":"2025-08-06 13:18:51"}
{"level":"error","message":"GLOBAL ERROR HANDLER: Error capturado: Ha ocurrido un error inesperado: this.userValidator.validateUserUniqueness is not a function. Intente nuevamente.","name":"UnexpectedError","stack":"UnexpectedError: Ha ocurrido un error inesperado: this.userValidator.validateUserUniqueness is not a function. Intente nuevamente.\n    at UnexpectedError.AppError [as constructor] (C:\\Users\\PC\\Documents\\gestor-tareas-backend\\src\\core\\types\\errors.ts:10:14)\n    at new UnexpectedError (C:\\Users\\PC\\Documents\\gestor-tareas-backend\\src\\core\\types\\errors.ts:43:14)\n    at handleError (C:\\Users\\PC\\Documents\\gestor-tareas-backend\\src\\core\\utils\\handleErrors.ts:18:16)\n    at Proxy.<anonymous> (C:\\Users\\PC\\Documents\\gestor-tareas-backend\\src\\services\\user\\User.service.ts:44:30)\n    at step (C:\\Users\\PC\\Documents\\gestor-tareas-backend\\src\\services\\user\\User.service.ts:45:23)\n    at Object.next (C:\\Users\\PC\\Documents\\gestor-tareas-backend\\src\\services\\user\\User.service.ts:26:53)\n    at C:\\Users\\PC\\Documents\\gestor-tareas-backend\\src\\services\\user\\User.service.ts:20:71\n    at new Promise (<anonymous>)\n    at __awaiter (C:\\Users\\PC\\Documents\\gestor-tareas-backend\\src\\services\\user\\User.service.ts:16:12)\n    at Proxy.UserService.createUser (C:\\Users\\PC\\Documents\\gestor-tareas-backend\\src\\services\\user\\User.service.ts:65:16)","timestamp":"2025-08-06 13:18:51"}
{"level":"info","message":"✅ Todas las dependencias han sido configuradas exitosamente.","timestamp":"2025-08-06 13:22:43"}
{"level":"info","message":"🚀 Verificación de dependencias exitosa. El contenedor está listo.","timestamp":"2025-08-06 13:22:43"}
{"level":"info","message":"✅ Servidor corriendo en el puerto 3001","timestamp":"2025-08-06 13:22:44"}
{"level":"info","message":"--- MIDDLEWARE: Ejecutando validateCreateUserData ---","timestamp":"2025-08-06 13:22:50"}
{"body":{"email":"reyescesar0711@gmail.com","lastname":"Reyes Moreno","name":"Cesar","password":"Hola1234%1234","phone":"04242746760","username":"Careyes.19"},"level":"debug","message":"Request Body Recibido:","timestamp":"2025-08-06 13:22:50"}
{"level":"info","message":"Validación de Zod para la creacion de usuario SUPERADA. Pasando al controlador.","timestamp":"2025-08-06 13:22:50"}
{"level":"info","message":"UserController: Inicio del proceso de creacion de usuario","timestamp":"2025-08-06 13:22:50"}
{"email":"reyescesar0711@gmail.com","lastname":"Reyes Moreno","level":"info","message":"UserController: Datos enviados por el usuario","name":"Cesar","password":"Hola1234%1234","phone":"04242746760","timestamp":"2025-08-06 13:22:50","username":"Careyes.19"}
{"level":"info","message":"UserController: Llamando al servicio UserService.createUser.","timestamp":"2025-08-06 13:22:50"}
{"email":"reyescesar0711@gmail.com","lastname":"Reyes Moreno","level":"debug","message":"--Data para la creacion de usuario: ","name":"Cesar","password":"Hola1234%1234","phone":"04242746760","timestamp":"2025-08-06 13:22:50","username":"Careyes.19"}
{"level":"info","message":"----Iniciando creacion de usuario en el service: UserService----","timestamp":"2025-08-06 13:22:50"}
{"level":"error","message":"Ha ocurrido un error en el service createUser: UserService:  La clase UserValidator usa @Transactional pero no tiene una propiedad 'transactionManager'.","stack":"Error: La clase UserValidator usa @Transactional pero no tiene una propiedad 'transactionManager'.\n    at UserValidator.<anonymous> (C:\\Users\\PC\\Documents\\gestor-tareas-backend\\src\\core\\utils\\transactional-wrapper.ts:21:23)\n    at step (C:\\Users\\PC\\Documents\\gestor-tareas-backend\\src\\core\\utils\\transactional-wrapper.ts:34:23)\n    at Object.next (C:\\Users\\PC\\Documents\\gestor-tareas-backend\\src\\core\\utils\\transactional-wrapper.ts:15:53)\n    at C:\\Users\\PC\\Documents\\gestor-tareas-backend\\src\\core\\utils\\transactional-wrapper.ts:9:71\n    at new Promise (<anonymous>)\n    at __awaiter (C:\\Users\\PC\\Documents\\gestor-tareas-backend\\src\\core\\utils\\transactional-wrapper.ts:5:12)\n    at UserValidator.descriptor.value [as validateUserUniqueness] (C:\\Users\\PC\\Documents\\gestor-tareas-backend\\src\\core\\utils\\transactional-wrapper.ts:49:20)\n    at Proxy.<anonymous> (C:\\Users\\PC\\Documents\\gestor-tareas-backend\\src\\services\\user\\User.service.ts:30:38)\n    at step (C:\\Users\\PC\\Documents\\gestor-tareas-backend\\src\\services\\user\\User.service.ts:45:23)\n    at Object.next (C:\\Users\\PC\\Documents\\gestor-tareas-backend\\src\\services\\user\\User.service.ts:26:53)","timestamp":"2025-08-06 13:22:50"}
{"error":{"code":500,"httpStatusCode":500,"name":"UnexpectedError","originalError":{}},"level":"error","message":"DataUserController: Error durante la creacion del usuario","timestamp":"2025-08-06 13:22:50"}
{"level":"error","message":"GLOBAL ERROR HANDLER: Error capturado: Ha ocurrido un error inesperado: La clase UserValidator usa @Transactional pero no tiene una propiedad 'transactionManager'.. Intente nuevamente.","name":"UnexpectedError","stack":"UnexpectedError: Ha ocurrido un error inesperado: La clase UserValidator usa @Transactional pero no tiene una propiedad 'transactionManager'.. Intente nuevamente.\n    at UnexpectedError.AppError [as constructor] (C:\\Users\\PC\\Documents\\gestor-tareas-backend\\src\\core\\types\\errors.ts:10:14)\n    at new UnexpectedError (C:\\Users\\PC\\Documents\\gestor-tareas-backend\\src\\core\\types\\errors.ts:43:14)\n    at handleError (C:\\Users\\PC\\Documents\\gestor-tareas-backend\\src\\core\\utils\\handleErrors.ts:18:16)\n    at Proxy.<anonymous> (C:\\Users\\PC\\Documents\\gestor-tareas-backend\\src\\services\\user\\User.service.ts:44:30)\n    at step (C:\\Users\\PC\\Documents\\gestor-tareas-backend\\src\\services\\user\\User.service.ts:45:23)\n    at Object.throw (C:\\Users\\PC\\Documents\\gestor-tareas-backend\\src\\services\\user\\User.service.ts:26:53)\n    at rejected (C:\\Users\\PC\\Documents\\gestor-tareas-backend\\src\\services\\user\\User.service.ts:18:65)\n    at processTicksAndRejections (node:internal/process/task_queues:95:5)","timestamp":"2025-08-06 13:22:50"}
{"level":"info","message":"✅ Todas las dependencias han sido configuradas exitosamente.","timestamp":"2025-08-06 13:23:27"}
{"level":"info","message":"🚀 Verificación de dependencias exitosa. El contenedor está listo.","timestamp":"2025-08-06 13:23:27"}
{"level":"info","message":"✅ Servidor corriendo en el puerto 3001","timestamp":"2025-08-06 13:23:29"}
{"level":"info","message":"--- MIDDLEWARE: Ejecutando validateCreateUserData ---","timestamp":"2025-08-06 13:23:36"}
{"body":{"email":"reyescesar0711@gmail.com","lastname":"Reyes Moreno","name":"Cesar","password":"Hola1234%1234","phone":"04242746760","username":"Careyes.19"},"level":"debug","message":"Request Body Recibido:","timestamp":"2025-08-06 13:23:36"}
{"level":"info","message":"Validación de Zod para la creacion de usuario SUPERADA. Pasando al controlador.","timestamp":"2025-08-06 13:23:36"}
{"level":"info","message":"UserController: Inicio del proceso de creacion de usuario","timestamp":"2025-08-06 13:23:36"}
{"email":"reyescesar0711@gmail.com","lastname":"Reyes Moreno","level":"info","message":"UserController: Datos enviados por el usuario","name":"Cesar","password":"Hola1234%1234","phone":"04242746760","timestamp":"2025-08-06 13:23:36","username":"Careyes.19"}
{"level":"info","message":"UserController: Llamando al servicio UserService.createUser.","timestamp":"2025-08-06 13:23:36"}
{"email":"reyescesar0711@gmail.com","lastname":"Reyes Moreno","level":"debug","message":"--Data para la creacion de usuario: ","name":"Cesar","password":"Hola1234%1234","phone":"04242746760","timestamp":"2025-08-06 13:23:36","username":"Careyes.19"}
{"level":"info","message":"----Iniciando creacion de usuario en el service: UserService----","timestamp":"2025-08-06 13:23:36"}
{"level":"info","message":"----Se ha validado que el usuario no exista previamente----","timestamp":"2025-08-06 13:23:36"}
{"level":"info","message":"----Se ha validado que el usuario no use campos unicos que posea otro usuario----","timestamp":"2025-08-06 13:23:36"}
{"level":"info","message":"----Operacion existosa: Se ha creado el usuario con exito----","timestamp":"2025-08-06 13:23:36"}
{"level":"info","message":"UserController: Usuario creado de forma exitosa.","timestamp":"2025-08-06 13:23:37"}
{"data":{"_id":"68938f98dbdf31e4fd60c627","createdAt":"2025-08-06T17:23:36.997Z","email":"reyescesar0711@gmail.com","lastname":"Reyes Moreno","name":"Cesar","password":"Hola1234%1234","phone":"04242746760","updatedAt":"2025-08-06T17:23:36.997Z","username":"Careyes.19"},"level":"debug","message":"UserController: Preparando respuesta de éxito: ","timestamp":"2025-08-06 13:23:37"}
{"level":"info","message":"✅ Todas las dependencias han sido configuradas exitosamente.","timestamp":"2025-08-06 13:25:54"}
{"level":"info","message":"🚀 Verificación de dependencias exitosa. El contenedor está listo.","timestamp":"2025-08-06 13:25:54"}
{"level":"info","message":"✅ Servidor corriendo en el puerto 3001","timestamp":"2025-08-06 13:25:56"}
{"level":"info","message":"--- MIDDLEWARE: Ejecutando validateCreateUserData ---","timestamp":"2025-08-06 13:25:57"}
{"body":{"email":"reyescesar683@gmail.com","lastname":"Reyes Moreno","name":"Cesar","password":"Hola1234%1234","phone":"04242746760","username":"Careyes.20"},"level":"debug","message":"Request Body Recibido:","timestamp":"2025-08-06 13:25:57"}
{"level":"info","message":"Validación de Zod para la creacion de usuario SUPERADA. Pasando al controlador.","timestamp":"2025-08-06 13:25:57"}
{"level":"info","message":"UserController: Inicio del proceso de creacion de usuario","timestamp":"2025-08-06 13:25:57"}
{"email":"reyescesar683@gmail.com","lastname":"Reyes Moreno","level":"info","message":"UserController: Datos enviados por el usuario","name":"Cesar","password":"Hola1234%1234","phone":"04242746760","timestamp":"2025-08-06 13:25:57","username":"Careyes.20"}
{"level":"info","message":"UserController: Llamando al servicio UserService.createUser.","timestamp":"2025-08-06 13:25:57"}
{"email":"reyescesar683@gmail.com","lastname":"Reyes Moreno","level":"debug","message":"--Data para la creacion de usuario: ","name":"Cesar","password":"Hola1234%1234","phone":"04242746760","timestamp":"2025-08-06 13:25:57","username":"Careyes.20"}
{"level":"info","message":"----Iniciando creacion de usuario en el service: UserService----","timestamp":"2025-08-06 13:25:57"}
{"level":"info","message":"----Se ha validado que el usuario no exista previamente----","timestamp":"2025-08-06 13:25:57"}
{"code":1102,"httpStatusCode":409,"level":"error","message":"Ha ocurrido un error en el service createUser: UserService:  El correo y el numero de telefono ya se encuentran registrados, intente con unos distintos","name":"UserUniqueFieldsAlreadyExistError","stack":"UserUniqueFieldsAlreadyExistError: El correo y el numero de telefono ya se encuentran registrados, intente con unos distintos\n    at UserUniqueFieldsAlreadyExistError.AppError [as constructor] (C:\\Users\\PC\\Documents\\gestor-tareas-backend\\src\\core\\types\\errors.ts:10:14)\n    at new UserUniqueFieldsAlreadyExistError (C:\\Users\\PC\\Documents\\gestor-tareas-backend\\src\\core\\exceptions\\users\\user.exception.ts:22:14)\n    at UserValidator.<anonymous> (C:\\Users\\PC\\Documents\\gestor-tareas-backend\\src\\core\\validators\\userValidator.ts:52:31)\n    at step (C:\\Users\\PC\\Documents\\gestor-tareas-backend\\src\\core\\validators\\userValidator.ts:45:23)\n    at Object.next (C:\\Users\\PC\\Documents\\gestor-tareas-backend\\src\\core\\validators\\userValidator.ts:26:53)\n    at fulfilled (C:\\Users\\PC\\Documents\\gestor-tareas-backend\\src\\core\\validators\\userValidator.ts:17:58)\n    at processTicksAndRejections (node:internal/process/task_queues:95:5)","timestamp":"2025-08-06 13:25:57"}
{"error":{"code":1102,"httpStatusCode":409,"name":"UserUniqueFieldsAlreadyExistError"},"level":"error","message":"DataUserController: Error durante la creacion del usuario","timestamp":"2025-08-06 13:25:57"}
{"level":"error","message":"GLOBAL ERROR HANDLER: Error capturado: El correo y el numero de telefono ya se encuentran registrados, intente con unos distintos","name":"UserUniqueFieldsAlreadyExistError","stack":"UserUniqueFieldsAlreadyExistError: El correo y el numero de telefono ya se encuentran registrados, intente con unos distintos\n    at UserUniqueFieldsAlreadyExistError.AppError [as constructor] (C:\\Users\\PC\\Documents\\gestor-tareas-backend\\src\\core\\types\\errors.ts:10:14)\n    at new UserUniqueFieldsAlreadyExistError (C:\\Users\\PC\\Documents\\gestor-tareas-backend\\src\\core\\exceptions\\users\\user.exception.ts:22:14)\n    at UserValidator.<anonymous> (C:\\Users\\PC\\Documents\\gestor-tareas-backend\\src\\core\\validators\\userValidator.ts:52:31)\n    at step (C:\\Users\\PC\\Documents\\gestor-tareas-backend\\src\\core\\validators\\userValidator.ts:45:23)\n    at Object.next (C:\\Users\\PC\\Documents\\gestor-tareas-backend\\src\\core\\validators\\userValidator.ts:26:53)\n    at fulfilled (C:\\Users\\PC\\Documents\\gestor-tareas-backend\\src\\core\\validators\\userValidator.ts:17:58)\n    at processTicksAndRejections (node:internal/process/task_queues:95:5)","timestamp":"2025-08-06 13:25:57"}
{"level":"info","message":"--- MIDDLEWARE: Ejecutando validateCreateUserData ---","timestamp":"2025-08-06 13:26:06"}
{"body":{"email":"reyescesar683@gmail.com","lastname":"Reyes Moreno","name":"Cesar","password":"Hola1234%1234","phone":"04242746761","username":"Careyes.20"},"level":"debug","message":"Request Body Recibido:","timestamp":"2025-08-06 13:26:06"}
{"level":"info","message":"Validación de Zod para la creacion de usuario SUPERADA. Pasando al controlador.","timestamp":"2025-08-06 13:26:06"}
{"level":"info","message":"UserController: Inicio del proceso de creacion de usuario","timestamp":"2025-08-06 13:26:06"}
{"email":"reyescesar683@gmail.com","lastname":"Reyes Moreno","level":"info","message":"UserController: Datos enviados por el usuario","name":"Cesar","password":"Hola1234%1234","phone":"04242746761","timestamp":"2025-08-06 13:26:06","username":"Careyes.20"}
{"level":"info","message":"UserController: Llamando al servicio UserService.createUser.","timestamp":"2025-08-06 13:26:06"}
{"email":"reyescesar683@gmail.com","lastname":"Reyes Moreno","level":"debug","message":"--Data para la creacion de usuario: ","name":"Cesar","password":"Hola1234%1234","phone":"04242746761","timestamp":"2025-08-06 13:26:06","username":"Careyes.20"}
{"level":"info","message":"----Iniciando creacion de usuario en el service: UserService----","timestamp":"2025-08-06 13:26:06"}
{"level":"info","message":"----Se ha validado que el usuario no exista previamente----","timestamp":"2025-08-06 13:26:06"}
{"level":"info","message":"----Se ha validado que el usuario no use campos unicos que posea otro usuario----","timestamp":"2025-08-06 13:26:06"}
{"level":"info","message":"----Operacion existosa: Se ha creado el usuario con exito----","timestamp":"2025-08-06 13:26:06"}
{"level":"info","message":"UserController: Usuario creado de forma exitosa.","timestamp":"2025-08-06 13:26:06"}
{"data":"Careyes.20","level":"debug","message":"UserController: Preparando respuesta de éxito: ","timestamp":"2025-08-06 13:26:06"}
{"level":"info","message":"✅ Todas las dependencias han sido configuradas exitosamente.","timestamp":"2025-08-06 13:26:34"}
{"level":"info","message":"🚀 Verificación de dependencias exitosa. El contenedor está listo.","timestamp":"2025-08-06 13:26:34"}
{"level":"info","message":"✅ Servidor corriendo en el puerto 3001","timestamp":"2025-08-06 13:26:36"}
{"level":"info","message":"--- MIDDLEWARE: Ejecutando validateCreateUserData ---","timestamp":"2025-08-06 13:26:51"}
{"body":{"email":"cesar.rm199928@gmail.com","lastname":"Reyes Moreno","name":"Cesar","password":"Hola1234%1234","phone":"04242746762","username":"Careyes.21"},"level":"debug","message":"Request Body Recibido:","timestamp":"2025-08-06 13:26:51"}
{"level":"info","message":"Validación de Zod para la creacion de usuario SUPERADA. Pasando al controlador.","timestamp":"2025-08-06 13:26:51"}
{"level":"info","message":"UserController: Inicio del proceso de creacion de usuario","timestamp":"2025-08-06 13:26:51"}
{"email":"cesar.rm199928@gmail.com","lastname":"Reyes Moreno","level":"info","message":"UserController: Datos enviados por el usuario","name":"Cesar","password":"Hola1234%1234","phone":"04242746762","timestamp":"2025-08-06 13:26:51","username":"Careyes.21"}
{"level":"info","message":"UserController: Llamando al servicio UserService.createUser.","timestamp":"2025-08-06 13:26:51"}
{"email":"cesar.rm199928@gmail.com","lastname":"Reyes Moreno","level":"debug","message":"--Data para la creacion de usuario: ","name":"Cesar","password":"Hola1234%1234","phone":"04242746762","timestamp":"2025-08-06 13:26:51","username":"Careyes.21"}
{"level":"info","message":"----Iniciando creacion de usuario en el service: UserService----","timestamp":"2025-08-06 13:26:51"}
{"level":"info","message":"----Se ha validado que el usuario no exista previamente----","timestamp":"2025-08-06 13:26:51"}
{"level":"info","message":"----Se ha validado que el usuario no use campos unicos que posea otro usuario----","timestamp":"2025-08-06 13:26:52"}
{"level":"info","message":"----Operacion existosa: Se ha creado el usuario con exito----","timestamp":"2025-08-06 13:26:52"}
{"level":"info","message":"UserController: Usuario creado de forma exitosa.","timestamp":"2025-08-06 13:26:52"}
{"data":"Careyes.21","level":"debug","message":"UserController: Preparando respuesta de éxito: ","timestamp":"2025-08-06 13:26:52"}
{"level":"info","message":"✅ Todas las dependencias han sido configuradas exitosamente.","timestamp":"2025-08-06 13:28:40"}
{"level":"info","message":"🚀 Verificación de dependencias exitosa. El contenedor está listo.","timestamp":"2025-08-06 13:28:40"}
{"level":"info","message":"✅ Servidor corriendo en el puerto 3001","timestamp":"2025-08-06 13:28:42"}
{"level":"info","message":"✅ Todas las dependencias han sido configuradas exitosamente.","timestamp":"2025-08-06 13:30:12"}
{"level":"info","message":"🚀 Verificación de dependencias exitosa. El contenedor está listo.","timestamp":"2025-08-06 13:30:12"}
{"level":"info","message":"✅ Servidor corriendo en el puerto 3001","timestamp":"2025-08-06 13:30:14"}
{"level":"info","message":"--- MIDDLEWARE: Ejecutando validateCreateUserData ---","timestamp":"2025-08-06 13:30:24"}
{"body":{"email":"cesar.rm199968@gmail.com","lastname":"Reyes Moreno","name":"Cesar","password":"Hola1234%1234","phone":"04242746763","username":"Careyes.22"},"level":"debug","message":"Request Body Recibido:","timestamp":"2025-08-06 13:30:24"}
{"level":"info","message":"Validación de Zod para la creacion de usuario SUPERADA. Pasando al controlador.","timestamp":"2025-08-06 13:30:24"}
{"level":"info","message":"UserController: Inicio del proceso de creacion de usuario","timestamp":"2025-08-06 13:30:24"}
{"email":"cesar.rm199968@gmail.com","lastname":"Reyes Moreno","level":"info","message":"UserController: Datos enviados por el usuario","name":"Cesar","password":"Hola1234%1234","phone":"04242746763","timestamp":"2025-08-06 13:30:24","username":"Careyes.22"}
{"level":"info","message":"UserController: Llamando al servicio UserService.createUser.","timestamp":"2025-08-06 13:30:24"}
{"email":"cesar.rm199968@gmail.com","lastname":"Reyes Moreno","level":"debug","message":"--Data para la creacion de usuario: ","name":"Cesar","password":"Hola1234%1234","phone":"04242746763","timestamp":"2025-08-06 13:30:24","username":"Careyes.22"}
{"level":"info","message":"----Iniciando creacion de usuario en el service: UserService----","timestamp":"2025-08-06 13:30:24"}
{"level":"info","message":"----Se ha validado que el usuario no exista previamente----","timestamp":"2025-08-06 13:30:24"}
{"level":"info","message":"----Se ha validado que el usuario no use campos unicos que posea otro usuario----","timestamp":"2025-08-06 13:30:25"}
{"level":"info","message":"----Operacion existosa: Se ha creado el usuario con exito----","timestamp":"2025-08-06 13:30:25"}
{"level":"info","message":"UserController: Usuario creado de forma exitosa.","timestamp":"2025-08-06 13:30:25"}
{"data":{"username":"Careyes.22"},"level":"debug","message":"UserController: Preparando respuesta de éxito: ","timestamp":"2025-08-06 13:30:25"}
{"level":"info","message":"UserController: Inicio del proceso de busqueda de usuarios","timestamp":"2025-08-06 13:36:11"}
{"level":"info","message":"UserController: Llamando al servicio UserService.getUsers.","timestamp":"2025-08-06 13:36:11"}
{"level":"info","message":"----Iniciando la busqueda de los usuarios en el service: UserService----","timestamp":"2025-08-06 13:36:11"}
{"level":"info","message":"----Se ha encontrado el usuario----","timestamp":"2025-08-06 13:36:11"}
{"level":"info","message":"----Operacion existosa: Se ha encontrado los usuarios con exito----","timestamp":"2025-08-06 13:36:11"}
{"level":"info","message":"UserController: Usuario encontrado de forma exitosa.","timestamp":"2025-08-06 13:36:11"}
{"data":[{"_id":"68938f98dbdf31e4fd60c627","createdAt":"2025-08-06T17:23:36.997Z","email":"reyescesar0711@gmail.com","lastname":"Reyes Moreno","name":"Cesar","password":"Hola1234%1234","phone":"04242746760","updatedAt":"2025-08-06T17:23:36.997Z","username":"Careyes.19"},{"_id":"6893902e0c3f23fc89e4860c","createdAt":"2025-08-06T17:26:06.492Z","email":"reyescesar683@gmail.com","lastname":"Reyes Moreno","name":"Cesar","password":"Hola1234%1234","phone":"04242746761","updatedAt":"2025-08-06T17:26:06.492Z","username":"Careyes.20"},{"_id":"6893905cc98a66dd4ecbb9c9","createdAt":"2025-08-06T17:26:52.041Z","email":"cesar.rm199928@gmail.com","lastname":"Reyes Moreno","name":"Cesar","password":"Hola1234%1234","phone":"04242746762","updatedAt":"2025-08-06T17:26:52.041Z","username":"Careyes.21"},{"_id":"68939131ae743c2bcc253b48","createdAt":"2025-08-06T17:30:25.106Z","email":"cesar.rm199968@gmail.com","lastname":"Reyes Moreno","name":"Cesar","password":"Hola1234%1234","phone":"04242746763","updatedAt":"2025-08-06T17:30:25.106Z","username":"Careyes.22"}],"level":"debug","message":"UserController: Preparando respuesta de éxito: ","timestamp":"2025-08-06 13:36:11"}
{"level":"info","message":"✅ Todas las dependencias han sido configuradas exitosamente.","timestamp":"2025-08-06 13:37:17"}
{"level":"info","message":"🚀 Verificación de dependencias exitosa. El contenedor está listo.","timestamp":"2025-08-06 13:37:17"}
{"level":"info","message":"✅ Servidor corriendo en el puerto 3001","timestamp":"2025-08-06 13:37:19"}
{"level":"info","message":"UserController: Inicio del proceso de busqueda de usuarios","timestamp":"2025-08-06 13:37:23"}
{"level":"info","message":"UserController: Llamando al servicio UserService.getUsers.","timestamp":"2025-08-06 13:37:23"}
{"level":"info","message":"----Iniciando la busqueda de los usuarios en el service: UserService----","timestamp":"2025-08-06 13:37:23"}
{"level":"info","message":"----Se ha encontrado el usuario----","timestamp":"2025-08-06 13:37:23"}
{"level":"info","message":"----Operacion existosa: Se ha encontrado los usuarios con exito----","timestamp":"2025-08-06 13:37:23"}
{"level":"info","message":"UserController: Usuario encontrado de forma exitosa.","timestamp":"2025-08-06 13:37:23"}
{"data":[{"_id":"68938f98dbdf31e4fd60c627","email":"reyescesar0711@gmail.com","lastname":"Reyes Moreno","name":"Cesar","phone":"04242746760","username":"Careyes.19"},{"_id":"6893902e0c3f23fc89e4860c","email":"reyescesar683@gmail.com","lastname":"Reyes Moreno","name":"Cesar","phone":"04242746761","username":"Careyes.20"},{"_id":"6893905cc98a66dd4ecbb9c9","email":"cesar.rm199928@gmail.com","lastname":"Reyes Moreno","name":"Cesar","phone":"04242746762","username":"Careyes.21"},{"_id":"68939131ae743c2bcc253b48","email":"cesar.rm199968@gmail.com","lastname":"Reyes Moreno","name":"Cesar","phone":"04242746763","username":"Careyes.22"}],"level":"debug","message":"UserController: Preparando respuesta de éxito: ","timestamp":"2025-08-06 13:37:23"}
{"level":"info","message":"--- MIDDLEWARE: Ejecutando validateCreateUserData ---","timestamp":"2025-08-06 15:03:33"}
{"body":{"email":"carlos.rodriguez@empresa.com","lastname":"Reyes","name":"Cesar","password":"Hola1234%1234","phone":"04245675645","username":"cesarreyes"},"level":"debug","message":"Request Body Recibido:","timestamp":"2025-08-06 15:03:33"}
{"level":"info","message":"Validación de Zod para la creacion de usuario SUPERADA. Pasando al controlador.","timestamp":"2025-08-06 15:03:33"}
{"level":"info","message":"UserController: Inicio del proceso de creacion de usuario","timestamp":"2025-08-06 15:03:33"}
{"email":"carlos.rodriguez@empresa.com","lastname":"Reyes","level":"info","message":"UserController: Datos enviados por el usuario","name":"Cesar","password":"Hola1234%1234","phone":"04245675645","timestamp":"2025-08-06 15:03:33","username":"cesarreyes"}
{"level":"info","message":"UserController: Llamando al servicio UserService.createUser.","timestamp":"2025-08-06 15:03:33"}
{"email":"carlos.rodriguez@empresa.com","lastname":"Reyes","level":"debug","message":"--Data para la creacion de usuario: ","name":"Cesar","password":"Hola1234%1234","phone":"04245675645","timestamp":"2025-08-06 15:03:33","username":"cesarreyes"}
{"level":"info","message":"----Iniciando creacion de usuario en el service: UserService----","timestamp":"2025-08-06 15:03:33"}
{"level":"info","message":"----Se ha validado que el usuario no exista previamente----","timestamp":"2025-08-06 15:03:34"}
{"level":"info","message":"----Se ha validado que el usuario no use campos unicos que posea otro usuario----","timestamp":"2025-08-06 15:03:34"}
{"level":"info","message":"----Operacion existosa: Se ha creado el usuario con exito----","timestamp":"2025-08-06 15:03:34"}
{"level":"info","message":"UserController: Usuario creado de forma exitosa.","timestamp":"2025-08-06 15:03:34"}
{"data":{"username":"cesarreyes"},"level":"debug","message":"UserController: Preparando respuesta de éxito: ","timestamp":"2025-08-06 15:03:34"}
{"level":"info","message":"--- MIDDLEWARE: Ejecutando validateLoginData ---","timestamp":"2025-08-06 15:09:50"}
{"body":{"password":"Hola1234%1234","username":"Careyes.19"},"level":"debug","message":"Request Body Recibido:","timestamp":"2025-08-06 15:09:50"}
{"level":"info","message":"Validación de Zod para login SUPERADA. Pasando al controlador.","timestamp":"2025-08-06 15:09:50"}
{"level":"info","message":"AuthController: Inicio del proceso de login","timestamp":"2025-08-06 15:09:50"}
{"level":"info","message":"AuthController: Datos enviados por el usuario","password":"Hola1234%1234","timestamp":"2025-08-06 15:09:50","username":"Careyes.19"}
{"level":"info","message":"AuthController: Llamando al servicio AuthService.loginAuthDto.","timestamp":"2025-08-06 15:09:50"}
{"level":"debug","message":"--Data para la busqueda de un usuario: ","timestamp":"2025-08-06 15:09:50"}
{"level":"info","message":"----Iniciando la busqueda del usuario en el service: UserService----","timestamp":"2025-08-06 15:09:50"}
{"level":"info","message":"----Se ha encontrado el usuario----","timestamp":"2025-08-06 15:09:50"}
{"level":"info","message":"----Operacion existosa: Se ha encontrado el usuario con exito----","timestamp":"2025-08-06 15:09:50"}
{"error":{"code":500,"httpStatusCode":500,"name":"UnexpectedError","originalError":{}},"level":"error","message":"AuthController: Error durante el login del usuario","timestamp":"2025-08-06 15:09:51"}
{"level":"error","message":"GLOBAL ERROR HANDLER: Error capturado: Ha ocurrido un error inesperado: Cannot inject the dependency at position #0 of \"TokenService\" constructor. Reason:\n    Attempted to resolve unregistered dependency token: \"Symbol(JWT_SECRET_TOKEN)\". Intente nuevamente.","name":"UnexpectedError","stack":"UnexpectedError: Ha ocurrido un error inesperado: Cannot inject the dependency at position #0 of \"TokenService\" constructor. Reason:\n    Attempted to resolve unregistered dependency token: \"Symbol(JWT_SECRET_TOKEN)\". Intente nuevamente.\n    at UnexpectedError.AppError [as constructor] (C:\\Users\\PC\\Documents\\gestor-tareas-backend\\src\\core\\types\\errors.ts:10:14)\n    at new UnexpectedError (C:\\Users\\PC\\Documents\\gestor-tareas-backend\\src\\core\\types\\errors.ts:43:14)\n    at handleError (C:\\Users\\PC\\Documents\\gestor-tareas-backend\\src\\core\\utils\\handleErrors.ts:18:16)\n    at AuthService.<anonymous> (C:\\Users\\PC\\Documents\\gestor-tareas-backend\\src\\services\\auth\\Auth.service.ts:37:30)\n    at step (C:\\Users\\PC\\Documents\\gestor-tareas-backend\\src\\services\\auth\\Auth.service.ts:45:23)\n    at Object.next (C:\\Users\\PC\\Documents\\gestor-tareas-backend\\src\\services\\auth\\Auth.service.ts:26:53)\n    at fulfilled (C:\\Users\\PC\\Documents\\gestor-tareas-backend\\src\\services\\auth\\Auth.service.ts:17:58)\n    at processTicksAndRejections (node:internal/process/task_queues:95:5)","timestamp":"2025-08-06 15:09:51"}
{"level":"info","message":"✅ Todas las dependencias han sido configuradas exitosamente.","timestamp":"2025-08-06 16:25:16"}
{"level":"info","message":"🚀 Verificación de dependencias exitosa. El contenedor está listo.","timestamp":"2025-08-06 16:25:16"}
{"level":"info","message":"✅ Servidor corriendo en el puerto 3001","timestamp":"2025-08-06 16:25:18"}
{"level":"info","message":"--- MIDDLEWARE: Ejecutando validateLoginData ---","timestamp":"2025-08-06 16:25:23"}
{"body":{"password":"Hola1234%1234","username":"Careyes.19"},"level":"debug","message":"Request Body Recibido:","timestamp":"2025-08-06 16:25:23"}
{"level":"info","message":"Validación de Zod para login SUPERADA. Pasando al controlador.","timestamp":"2025-08-06 16:25:23"}
{"level":"info","message":"AuthController: Inicio del proceso de login","timestamp":"2025-08-06 16:25:23"}
{"level":"info","message":"AuthController: Datos enviados por el usuario","password":"Hola1234%1234","timestamp":"2025-08-06 16:25:23","username":"Careyes.19"}
{"level":"info","message":"AuthController: Llamando al servicio AuthService.loginAuthDto.","timestamp":"2025-08-06 16:25:23"}
{"level":"debug","message":"--Data para la busqueda de un usuario: ","timestamp":"2025-08-06 16:25:23"}
{"level":"info","message":"----Iniciando la busqueda del usuario en el service: UserService----","timestamp":"2025-08-06 16:25:23"}
{"level":"info","message":"----Se ha encontrado el usuario----","timestamp":"2025-08-06 16:25:24"}
{"level":"info","message":"----Operacion existosa: Se ha encontrado el usuario con exito----","timestamp":"2025-08-06 16:25:24"}
{"error":{"code":500,"httpStatusCode":500,"name":"UnexpectedError","originalError":{}},"level":"error","message":"AuthController: Error durante el login del usuario","timestamp":"2025-08-06 16:25:24"}
{"level":"error","message":"GLOBAL ERROR HANDLER: Error capturado: Ha ocurrido un error inesperado: Cannot inject the dependency at position #0 of \"TokenService\" constructor. Reason:\n    TypeInfo not known for \"undefined\". Intente nuevamente.","name":"UnexpectedError","stack":"UnexpectedError: Ha ocurrido un error inesperado: Cannot inject the dependency at position #0 of \"TokenService\" constructor. Reason:\n    TypeInfo not known for \"undefined\". Intente nuevamente.\n    at UnexpectedError.AppError [as constructor] (C:\\Users\\PC\\Documents\\gestor-tareas-backend\\src\\core\\types\\errors.ts:10:14)\n    at new UnexpectedError (C:\\Users\\PC\\Documents\\gestor-tareas-backend\\src\\core\\types\\errors.ts:43:14)\n    at handleError (C:\\Users\\PC\\Documents\\gestor-tareas-backend\\src\\core\\utils\\handleErrors.ts:18:16)\n    at AuthService.<anonymous> (C:\\Users\\PC\\Documents\\gestor-tareas-backend\\src\\services\\auth\\Auth.service.ts:37:30)\n    at step (C:\\Users\\PC\\Documents\\gestor-tareas-backend\\src\\services\\auth\\Auth.service.ts:45:23)\n    at Object.next (C:\\Users\\PC\\Documents\\gestor-tareas-backend\\src\\services\\auth\\Auth.service.ts:26:53)\n    at fulfilled (C:\\Users\\PC\\Documents\\gestor-tareas-backend\\src\\services\\auth\\Auth.service.ts:17:58)\n    at processTicksAndRejections (node:internal/process/task_queues:95:5)","timestamp":"2025-08-06 16:25:24"}
{"level":"info","message":"✅ Todas las dependencias han sido configuradas exitosamente.","timestamp":"2025-08-06 16:30:17"}
{"level":"info","message":"🚀 Verificación de dependencias exitosa. El contenedor está listo.","timestamp":"2025-08-06 16:30:17"}
{"level":"info","message":"✅ Servidor corriendo en el puerto 3001","timestamp":"2025-08-06 16:30:19"}
{"level":"info","message":"✅ Todas las dependencias han sido configuradas exitosamente.","timestamp":"2025-08-06 16:31:16"}
{"level":"info","message":"🚀 Verificación de dependencias exitosa. El contenedor está listo.","timestamp":"2025-08-06 16:31:16"}
{"level":"info","message":"✅ Servidor corriendo en el puerto 3001","timestamp":"2025-08-06 16:31:17"}
{"level":"info","message":"--- MIDDLEWARE: Ejecutando validateLoginData ---","timestamp":"2025-08-06 16:31:22"}
{"body":{"password":"Hola1234%1234","username":"Careyes.19"},"level":"debug","message":"Request Body Recibido:","timestamp":"2025-08-06 16:31:22"}
{"level":"info","message":"Validación de Zod para login SUPERADA. Pasando al controlador.","timestamp":"2025-08-06 16:31:22"}
{"level":"info","message":"AuthController: Inicio del proceso de login","timestamp":"2025-08-06 16:31:22"}
{"level":"info","message":"AuthController: Datos enviados por el usuario","password":"Hola1234%1234","timestamp":"2025-08-06 16:31:22","username":"Careyes.19"}
{"level":"info","message":"AuthController: Llamando al servicio AuthService.loginAuthDto.","timestamp":"2025-08-06 16:31:22"}
{"level":"debug","message":"--Data para la busqueda de un usuario: ","timestamp":"2025-08-06 16:31:22"}
{"level":"info","message":"----Iniciando la busqueda del usuario en el service: UserService----","timestamp":"2025-08-06 16:31:22"}
{"level":"info","message":"----Se ha encontrado el usuario----","timestamp":"2025-08-06 16:31:22"}
{"level":"info","message":"----Operacion existosa: Se ha encontrado el usuario con exito----","timestamp":"2025-08-06 16:31:22"}
{"error":{"code":500,"httpStatusCode":500,"name":"UnexpectedError","originalError":{}},"level":"error","message":"AuthController: Error durante el login del usuario","timestamp":"2025-08-06 16:31:22"}
{"level":"error","message":"GLOBAL ERROR HANDLER: Error capturado: Ha ocurrido un error inesperado: Cannot inject the dependency \"secret\" at position #0 of \"TokenService\" constructor. Reason:\n    TypeInfo not known for \"undefined\". Intente nuevamente.","name":"UnexpectedError","stack":"UnexpectedError: Ha ocurrido un error inesperado: Cannot inject the dependency \"secret\" at position #0 of \"TokenService\" constructor. Reason:\n    TypeInfo not known for \"undefined\". Intente nuevamente.\n    at handleError (C:\\Users\\PC\\Documents\\gestor-tareas-backend\\src\\core\\utils\\handleErrors.ts:18:16)\n    at AuthService.loginUser (C:\\Users\\PC\\Documents\\gestor-tareas-backend\\src\\services\\auth\\Auth.service.ts:37:30)\n    at processTicksAndRejections (node:internal/process/task_queues:95:5)\n    at async AuthController.loginUser (C:\\Users\\PC\\Documents\\gestor-tareas-backend\\src\\controllers\\auth\\auth.controller.ts:32:28)","timestamp":"2025-08-06 16:31:22"}
{"level":"info","message":"✅ Todas las dependencias han sido configuradas exitosamente.","timestamp":"2025-08-06 16:32:17"}
{"level":"info","message":"🚀 Verificación de dependencias exitosa. El contenedor está listo.","timestamp":"2025-08-06 16:32:17"}
{"level":"info","message":"✅ Servidor corriendo en el puerto 3001","timestamp":"2025-08-06 16:32:19"}
{"level":"info","message":"--- MIDDLEWARE: Ejecutando validateLoginData ---","timestamp":"2025-08-06 16:32:22"}
{"body":{"password":"Hola1234%1234","username":"Careyes.19"},"level":"debug","message":"Request Body Recibido:","timestamp":"2025-08-06 16:32:22"}
{"level":"info","message":"Validación de Zod para login SUPERADA. Pasando al controlador.","timestamp":"2025-08-06 16:32:22"}
{"level":"info","message":"AuthController: Inicio del proceso de login","timestamp":"2025-08-06 16:32:22"}
{"level":"info","message":"AuthController: Datos enviados por el usuario","password":"Hola1234%1234","timestamp":"2025-08-06 16:32:22","username":"Careyes.19"}
{"level":"info","message":"AuthController: Llamando al servicio AuthService.loginAuthDto.","timestamp":"2025-08-06 16:32:22"}
{"level":"debug","message":"--Data para la busqueda de un usuario: ","timestamp":"2025-08-06 16:32:22"}
{"level":"info","message":"----Iniciando la busqueda del usuario en el service: UserService----","timestamp":"2025-08-06 16:32:22"}
{"level":"info","message":"----Se ha encontrado el usuario----","timestamp":"2025-08-06 16:32:22"}
{"level":"info","message":"----Operacion existosa: Se ha encontrado el usuario con exito----","timestamp":"2025-08-06 16:32:22"}
{"error":{"code":500,"httpStatusCode":500,"name":"UnexpectedError","originalError":{}},"level":"error","message":"AuthController: Error durante el login del usuario","timestamp":"2025-08-06 16:32:22"}
{"level":"error","message":"GLOBAL ERROR HANDLER: Error capturado: Ha ocurrido un error inesperado: Cannot inject the dependency \"secret\" at position #0 of \"TokenService\" constructor. Reason:\n    TypeInfo not known for \"undefined\". Intente nuevamente.","name":"UnexpectedError","stack":"UnexpectedError: Ha ocurrido un error inesperado: Cannot inject the dependency \"secret\" at position #0 of \"TokenService\" constructor. Reason:\n    TypeInfo not known for \"undefined\". Intente nuevamente.\n    at handleError (C:\\Users\\PC\\Documents\\gestor-tareas-backend\\src\\core\\utils\\handleErrors.ts:18:16)\n    at AuthService.loginUser (C:\\Users\\PC\\Documents\\gestor-tareas-backend\\src\\services\\auth\\Auth.service.ts:37:30)\n    at processTicksAndRejections (node:internal/process/task_queues:95:5)\n    at async AuthController.loginUser (C:\\Users\\PC\\Documents\\gestor-tareas-backend\\src\\controllers\\auth\\auth.controller.ts:32:28)","timestamp":"2025-08-06 16:32:22"}
{"level":"info","message":"✅ Todas las dependencias han sido configuradas exitosamente.","timestamp":"2025-08-06 16:37:03"}
{"level":"info","message":"🚀 Verificación de dependencias exitosa. El contenedor está listo.","timestamp":"2025-08-06 16:37:03"}
{"level":"info","message":"✅ Servidor corriendo en el puerto 3001","timestamp":"2025-08-06 16:37:04"}
{"level":"info","message":"--- MIDDLEWARE: Ejecutando validateLoginData ---","timestamp":"2025-08-06 16:37:11"}
{"body":{"password":"Hola1234%1234","username":"Careyes.19"},"level":"debug","message":"Request Body Recibido:","timestamp":"2025-08-06 16:37:11"}
{"level":"info","message":"Validación de Zod para login SUPERADA. Pasando al controlador.","timestamp":"2025-08-06 16:37:11"}
{"level":"info","message":"AuthController: Inicio del proceso de login","timestamp":"2025-08-06 16:37:11"}
{"level":"info","message":"AuthController: Datos enviados por el usuario","password":"Hola1234%1234","timestamp":"2025-08-06 16:37:11","username":"Careyes.19"}
{"level":"info","message":"AuthController: Llamando al servicio AuthService.loginAuthDto.","timestamp":"2025-08-06 16:37:11"}
{"level":"debug","message":"--Data para la busqueda de un usuario: ","timestamp":"2025-08-06 16:37:11"}
{"level":"info","message":"----Iniciando la busqueda del usuario en el service: UserService----","timestamp":"2025-08-06 16:37:11"}
{"level":"info","message":"----Se ha encontrado el usuario----","timestamp":"2025-08-06 16:37:11"}
{"level":"info","message":"----Operacion existosa: Se ha encontrado el usuario con exito----","timestamp":"2025-08-06 16:37:11"}
{"level":"info","message":"AuthController: login creado de forma exitosa.","timestamp":"2025-08-06 16:37:11"}
{"data":{"token":"eyJhbGciOiJIUzI1NiIsInR5cCI6IkpXVCJ9.eyJ1c2VySWQiOiI2ODkzOGY5OGRiZGYzMWU0ZmQ2MGM2MjciLCJqdGkiOiJiMjNiZmRiOC05OGUzLTQ2YjAtYTg4Zi0xYWVlNTExNzNjMmUiLCJsYXQiOjE3NTQ1MTI2MzEsImV4cCI6MTc1NDUxNjIzMSwiaWF0IjoxNzU0NTEyNjMxfQ.9DiSlBiJ552JtzE50deTWzejGiq-BhyiidDKjWNrq7s"},"level":"debug","message":"AuthController: Preparando respuesta de éxito: ","timestamp":"2025-08-06 16:37:11"}
{"level":"info","message":"--- MIDDLEWARE: Ejecutando validateLoginData ---","timestamp":"2025-08-06 16:37:46"}
{"body":{"password":"Hola1234%1234","username":"Careyes.19"},"level":"debug","message":"Request Body Recibido:","timestamp":"2025-08-06 16:37:46"}
{"level":"info","message":"Validación de Zod para login SUPERADA. Pasando al controlador.","timestamp":"2025-08-06 16:37:46"}
{"level":"info","message":"AuthController: Inicio del proceso de login","timestamp":"2025-08-06 16:37:46"}
{"level":"info","message":"AuthController: Datos enviados por el usuario","password":"Hola1234%1234","timestamp":"2025-08-06 16:37:46","username":"Careyes.19"}
{"level":"info","message":"AuthController: Llamando al servicio AuthService.loginAuthDto.","timestamp":"2025-08-06 16:37:46"}
{"level":"debug","message":"--Data para la busqueda de un usuario: ","timestamp":"2025-08-06 16:37:46"}
{"level":"info","message":"----Iniciando la busqueda del usuario en el service: UserService----","timestamp":"2025-08-06 16:37:46"}
{"level":"info","message":"----Se ha encontrado el usuario----","timestamp":"2025-08-06 16:37:46"}
{"level":"info","message":"----Operacion existosa: Se ha encontrado el usuario con exito----","timestamp":"2025-08-06 16:37:46"}
{"level":"info","message":"AuthController: login creado de forma exitosa.","timestamp":"2025-08-06 16:37:46"}
{"data":{"token":"eyJhbGciOiJIUzI1NiIsInR5cCI6IkpXVCJ9.eyJ1c2VySWQiOiI2ODkzOGY5OGRiZGYzMWU0ZmQ2MGM2MjciLCJqdGkiOiJhODhlNGUyYy0xNjUzLTQ1ZDctOGIwMS1jYWQ3NjI0MzEwNTAiLCJsYXQiOjE3NTQ1MTI2NjYsImV4cCI6MTc1NDUxNjI2NiwiaWF0IjoxNzU0NTEyNjY2fQ.k--owFDCf6Jj5gW5O5OxwMOTIX3KEe6i_V4By4EJnlI"},"level":"debug","message":"AuthController: Preparando respuesta de éxito: ","timestamp":"2025-08-06 16:37:46"}
{"level":"info","message":"--- MIDDLEWARE: Ejecutando validateLoginData ---","timestamp":"2025-08-06 16:38:17"}
{"body":{"password":"Hola1234$1234","username":"Careyes.191"},"level":"debug","message":"Request Body Recibido:","timestamp":"2025-08-06 16:38:17"}
{"level":"info","message":"Validación de Zod para login SUPERADA. Pasando al controlador.","timestamp":"2025-08-06 16:38:17"}
{"level":"info","message":"AuthController: Inicio del proceso de login","timestamp":"2025-08-06 16:38:17"}
{"level":"info","message":"AuthController: Datos enviados por el usuario","password":"Hola1234$1234","timestamp":"2025-08-06 16:38:17","username":"Careyes.191"}
{"level":"info","message":"AuthController: Llamando al servicio AuthService.loginAuthDto.","timestamp":"2025-08-06 16:38:17"}
{"level":"debug","message":"--Data para la busqueda de un usuario: ","timestamp":"2025-08-06 16:38:17"}
{"level":"info","message":"----Iniciando la busqueda del usuario en el service: UserService----","timestamp":"2025-08-06 16:38:17"}
{"level":"info","message":"----Se ha encontrado el usuario----","timestamp":"2025-08-06 16:38:17"}
{"code":1100,"httpStatusCode":404,"level":"error","message":"Ha ocurrido un error en el service findUser: UserService:  El usuario no existe","name":"UserNotFoundError","stack":"UserNotFoundError: El usuario no existe\n    at UserValidator.validateUserExists (C:\\Users\\PC\\Documents\\gestor-tareas-backend\\src\\core\\validators\\userValidator.ts:19:25)\n    at UserService.findUserByUsername (C:\\Users\\PC\\Documents\\gestor-tareas-backend\\src\\services\\user\\User.service.ts:85:32)\n    at processTicksAndRejections (node:internal/process/task_queues:95:5)\n    at async TransactionManager.executeTransaction (C:\\Users\\PC\\Documents\\gestor-tareas-backend\\src\\core\\database\\transactionManager.ts:19:28)\n    at async AuthService.loginUser (C:\\Users\\PC\\Documents\\gestor-tareas-backend\\src\\services\\auth\\Auth.service.ts:21:26)\n    at async AuthController.loginUser (C:\\Users\\PC\\Documents\\gestor-tareas-backend\\src\\controllers\\auth\\auth.controller.ts:32:28)","timestamp":"2025-08-06 16:38:17"}
{"error":{"code":1100,"httpStatusCode":404,"name":"UserNotFoundError"},"level":"error","message":"AuthController: Error durante el login del usuario","timestamp":"2025-08-06 16:38:17"}
{"level":"error","message":"GLOBAL ERROR HANDLER: Error capturado: El usuario no existe","name":"UserNotFoundError","stack":"UserNotFoundError: El usuario no existe\n    at UserValidator.validateUserExists (C:\\Users\\PC\\Documents\\gestor-tareas-backend\\src\\core\\validators\\userValidator.ts:19:25)\n    at UserService.findUserByUsername (C:\\Users\\PC\\Documents\\gestor-tareas-backend\\src\\services\\user\\User.service.ts:85:32)\n    at processTicksAndRejections (node:internal/process/task_queues:95:5)\n    at async TransactionManager.executeTransaction (C:\\Users\\PC\\Documents\\gestor-tareas-backend\\src\\core\\database\\transactionManager.ts:19:28)\n    at async AuthService.loginUser (C:\\Users\\PC\\Documents\\gestor-tareas-backend\\src\\services\\auth\\Auth.service.ts:21:26)\n    at async AuthController.loginUser (C:\\Users\\PC\\Documents\\gestor-tareas-backend\\src\\controllers\\auth\\auth.controller.ts:32:28)","timestamp":"2025-08-06 16:38:17"}
{"level":"info","message":"--- MIDDLEWARE: Ejecutando validateLoginData ---","timestamp":"2025-08-06 16:41:38"}
{"body":{"password":"Hola1234%1234","username":"Careyes.19"},"level":"debug","message":"Request Body Recibido:","timestamp":"2025-08-06 16:41:38"}
{"level":"info","message":"Validación de Zod para login SUPERADA. Pasando al controlador.","timestamp":"2025-08-06 16:41:38"}
{"level":"info","message":"AuthController: Inicio del proceso de login","timestamp":"2025-08-06 16:41:38"}
{"level":"info","message":"AuthController: Datos enviados por el usuario","password":"Hola1234%1234","timestamp":"2025-08-06 16:41:38","username":"Careyes.19"}
{"level":"info","message":"AuthController: Llamando al servicio AuthService.loginAuthDto.","timestamp":"2025-08-06 16:41:38"}
{"level":"debug","message":"--Data para la busqueda de un usuario: ","timestamp":"2025-08-06 16:41:38"}
{"level":"info","message":"----Iniciando la busqueda del usuario en el service: UserService----","timestamp":"2025-08-06 16:41:38"}
{"level":"info","message":"----Se ha encontrado el usuario----","timestamp":"2025-08-06 16:41:38"}
{"level":"info","message":"----Operacion existosa: Se ha encontrado el usuario con exito----","timestamp":"2025-08-06 16:41:38"}
{"level":"info","message":"AuthController: login creado de forma exitosa.","timestamp":"2025-08-06 16:41:38"}
{"data":{"token":"eyJhbGciOiJIUzI1NiIsInR5cCI6IkpXVCJ9.eyJ1c2VySWQiOiI2ODkzOGY5OGRiZGYzMWU0ZmQ2MGM2MjciLCJqdGkiOiJmMjhkYzk0Mi02NTY2LTQ3ZDItODlhZS1jZGFkNGIyMzg5ZDAiLCJsYXQiOjE3NTQ1MTI4OTgsImV4cCI6MTc1NDUxNjQ5OCwiaWF0IjoxNzU0NTEyODk4fQ.lzHH0p_waVAz3eqWOisTiIqt7-uzHE-75UQ9yoa1Ctk"},"level":"debug","message":"AuthController: Preparando respuesta de éxito: ","timestamp":"2025-08-06 16:41:38"}
{"level":"info","message":"--- MIDDLEWARE: Ejecutando validateLoginData ---","timestamp":"2025-08-06 16:43:15"}
{"body":{"password":"Hola1234%1234","username":"Careyes.19"},"level":"debug","message":"Request Body Recibido:","timestamp":"2025-08-06 16:43:15"}
{"level":"info","message":"Validación de Zod para login SUPERADA. Pasando al controlador.","timestamp":"2025-08-06 16:43:15"}
{"level":"info","message":"AuthController: Inicio del proceso de login","timestamp":"2025-08-06 16:43:15"}
{"level":"info","message":"AuthController: Datos enviados por el usuario","password":"Hola1234%1234","timestamp":"2025-08-06 16:43:15","username":"Careyes.19"}
{"level":"info","message":"AuthController: Llamando al servicio AuthService.loginAuthDto.","timestamp":"2025-08-06 16:43:15"}
{"level":"debug","message":"--Data para la busqueda de un usuario: ","timestamp":"2025-08-06 16:43:15"}
{"level":"info","message":"----Iniciando la busqueda del usuario en el service: UserService----","timestamp":"2025-08-06 16:43:15"}
{"level":"info","message":"----Se ha encontrado el usuario----","timestamp":"2025-08-06 16:43:15"}
{"level":"info","message":"----Operacion existosa: Se ha encontrado el usuario con exito----","timestamp":"2025-08-06 16:43:15"}
{"level":"info","message":"AuthController: login creado de forma exitosa.","timestamp":"2025-08-06 16:43:15"}
{"data":{"token":"eyJhbGciOiJIUzI1NiIsInR5cCI6IkpXVCJ9.eyJ1c2VySWQiOiI2ODkzOGY5OGRiZGYzMWU0ZmQ2MGM2MjciLCJqdGkiOiJlNDNkYjRjYS1kMWI1LTQ0ODYtOWZkYy1kMzExODgwZWE3OWMiLCJsYXQiOjE3NTQ1MTI5OTUsImV4cCI6MTc1NDUxNjU5NSwiaWF0IjoxNzU0NTEyOTk1fQ.AQOVElMK2jFTAjYCLQCs6vXhTy7llXt75A5HK26FPEc"},"level":"debug","message":"AuthController: Preparando respuesta de éxito: ","timestamp":"2025-08-06 16:43:15"}
{"level":"info","message":"--- MIDDLEWARE: Ejecutando validateLoginData ---","timestamp":"2025-08-06 16:50:57"}
{"body":{"password":"Hola1234%1234","username":"Careyes.19"},"level":"debug","message":"Request Body Recibido:","timestamp":"2025-08-06 16:50:57"}
{"level":"info","message":"Validación de Zod para login SUPERADA. Pasando al controlador.","timestamp":"2025-08-06 16:50:57"}
{"level":"info","message":"AuthController: Inicio del proceso de login","timestamp":"2025-08-06 16:50:57"}
{"level":"info","message":"AuthController: Datos enviados por el usuario","password":"Hola1234%1234","timestamp":"2025-08-06 16:50:57","username":"Careyes.19"}
{"level":"info","message":"AuthController: Llamando al servicio AuthService.loginAuthDto.","timestamp":"2025-08-06 16:50:57"}
{"level":"debug","message":"--Data para la busqueda de un usuario: ","timestamp":"2025-08-06 16:50:57"}
{"level":"info","message":"----Iniciando la busqueda del usuario en el service: UserService----","timestamp":"2025-08-06 16:50:57"}
{"level":"info","message":"----Se ha encontrado el usuario----","timestamp":"2025-08-06 16:50:57"}
{"level":"info","message":"----Operacion existosa: Se ha encontrado el usuario con exito----","timestamp":"2025-08-06 16:50:57"}
{"level":"info","message":"AuthController: login creado de forma exitosa.","timestamp":"2025-08-06 16:50:57"}
{"data":{"token":"eyJhbGciOiJIUzI1NiIsInR5cCI6IkpXVCJ9.eyJ1c2VySWQiOiI2ODkzOGY5OGRiZGYzMWU0ZmQ2MGM2MjciLCJqdGkiOiI5Y2QxYmVhYi0zYjdlLTRkYmEtODIxMi0zZTA3ZDk2NGUxYTEiLCJsYXQiOjE3NTQ1MTM0NTcsImV4cCI6MTc1NDUxNzA1NywiaWF0IjoxNzU0NTEzNDU3fQ.wFa-fZXv8WrYnhfRiL5pgVvQHlLg-0GGge8JJGx8Ru0"},"level":"debug","message":"AuthController: Preparando respuesta de éxito: ","timestamp":"2025-08-06 16:50:57"}
{"level":"info","message":"--- MIDDLEWARE: Ejecutando validateLoginData ---","timestamp":"2025-08-06 16:51:12"}
{"body":{"password":"Hola1234%1234","username":"Careyes.19"},"level":"debug","message":"Request Body Recibido:","timestamp":"2025-08-06 16:51:12"}
{"level":"info","message":"Validación de Zod para login SUPERADA. Pasando al controlador.","timestamp":"2025-08-06 16:51:12"}
{"level":"info","message":"AuthController: Inicio del proceso de login","timestamp":"2025-08-06 16:51:12"}
{"level":"info","message":"AuthController: Datos enviados por el usuario","password":"Hola1234%1234","timestamp":"2025-08-06 16:51:12","username":"Careyes.19"}
{"level":"info","message":"AuthController: Llamando al servicio AuthService.loginAuthDto.","timestamp":"2025-08-06 16:51:12"}
{"level":"debug","message":"--Data para la busqueda de un usuario: ","timestamp":"2025-08-06 16:51:12"}
{"level":"info","message":"----Iniciando la busqueda del usuario en el service: UserService----","timestamp":"2025-08-06 16:51:12"}
{"level":"info","message":"----Se ha encontrado el usuario----","timestamp":"2025-08-06 16:51:12"}
{"level":"info","message":"----Operacion existosa: Se ha encontrado el usuario con exito----","timestamp":"2025-08-06 16:51:12"}
{"level":"info","message":"AuthController: login creado de forma exitosa.","timestamp":"2025-08-06 16:51:12"}
{"data":{"token":"eyJhbGciOiJIUzI1NiIsInR5cCI6IkpXVCJ9.eyJ1c2VySWQiOiI2ODkzOGY5OGRiZGYzMWU0ZmQ2MGM2MjciLCJqdGkiOiI2NTQ5ZDU2NS1kZDc3LTQyM2QtYTFlZi1hNmIzNGFjNTI3ZGEiLCJsYXQiOjE3NTQ1MTM0NzIsImV4cCI6MTc1NDUxNzA3MiwiaWF0IjoxNzU0NTEzNDcyfQ.pVBRwUVIRbfBQ7IzlD3JWMFgjBCGvcCzr0AAu4xR5B0"},"level":"debug","message":"AuthController: Preparando respuesta de éxito: ","timestamp":"2025-08-06 16:51:12"}
{"level":"info","message":"--- MIDDLEWARE: Ejecutando validateLoginData ---","timestamp":"2025-08-06 16:52:42"}
{"body":{"password":"Hola1234%1234","username":"Careyes.19"},"level":"debug","message":"Request Body Recibido:","timestamp":"2025-08-06 16:52:42"}
{"level":"info","message":"Validación de Zod para login SUPERADA. Pasando al controlador.","timestamp":"2025-08-06 16:52:42"}
{"level":"info","message":"AuthController: Inicio del proceso de login","timestamp":"2025-08-06 16:52:42"}
{"level":"info","message":"AuthController: Datos enviados por el usuario","password":"Hola1234%1234","timestamp":"2025-08-06 16:52:42","username":"Careyes.19"}
{"level":"info","message":"AuthController: Llamando al servicio AuthService.loginAuthDto.","timestamp":"2025-08-06 16:52:42"}
{"level":"debug","message":"--Data para la busqueda de un usuario: ","timestamp":"2025-08-06 16:52:42"}
{"level":"info","message":"----Iniciando la busqueda del usuario en el service: UserService----","timestamp":"2025-08-06 16:52:42"}
{"level":"info","message":"----Se ha encontrado el usuario----","timestamp":"2025-08-06 16:52:42"}
{"level":"info","message":"----Operacion existosa: Se ha encontrado el usuario con exito----","timestamp":"2025-08-06 16:52:42"}
{"level":"info","message":"AuthController: login creado de forma exitosa.","timestamp":"2025-08-06 16:52:42"}
{"data":{"token":"eyJhbGciOiJIUzI1NiIsInR5cCI6IkpXVCJ9.eyJ1c2VySWQiOiI2ODkzOGY5OGRiZGYzMWU0ZmQ2MGM2MjciLCJqdGkiOiJmYWVhOWFkMS02MDFhLTQyYTUtODg4Mi05Mjk5MzQ2ZTViZTUiLCJsYXQiOjE3NTQ1MTM1NjIsImV4cCI6MTc1NDUxNzE2MiwiaWF0IjoxNzU0NTEzNTYyfQ.rtgiUJO0aj_Qc9J8FT69-RV-jXbjFEd0x8TIqrk476c"},"level":"debug","message":"AuthController: Preparando respuesta de éxito: ","timestamp":"2025-08-06 16:52:42"}
